#
# A fatal error has been detected by the Java Runtime Environment:
#
#  EXCEPTION_ACCESS_VIOLATION (0xc0000005) at pc=0x00000000557ea0a5, pid=8572, tid=0x0000000000000994
#
# JRE version: Java(TM) SE Runtime Environment (8.0_101-b13) (build 1.8.0_101-b13)
# Java VM: Java HotSpot(TM) 64-Bit Server VM (25.101-b13 mixed mode windows-amd64 compressed oops)
# Problematic frame:
# V  [jvm.dll+0x12a0a5]
#
# Failed to write core dump. Minidumps are not enabled by default on client versions of Windows
#
# If you would like to submit a bug report, please visit:
#   http://bugreport.java.com/bugreport/crash.jsp
#

---------------  T H R E A D  ---------------

Current thread (0x00000000197fe800):  JavaThread "JDWP Transport Listener: dt_socket" daemon [_thread_in_vm, id=2452, stack(0x0000000019e70000,0x0000000019f70000)]

siginfo: ExceptionCode=0xc0000005, reading address 0xffffffffffffffff

Registers:
RAX=0x0000000019f6f501, RBX=0x00000000197fe800, RCX=0x69736956003b3124, RDX=0x0000000000000000
RSP=0x0000000019f6f540, RBP=0x69736956003b3124, RSI=0x0000000019f6f658, RDI=0x00000000026e88d0
R8 =0x00000000197fe800, R9 =0x0000000000008000, R10=0x0000000000000000, R11=0x00000000201a30ec
R12=0x0000000000000000, R13=0x00000000197ff408, R14=0x0000000000000000, R15=0x0000000000000000
RIP=0x00000000557ea0a5, EFLAGS=0x0000000000010206

Top of Stack: (sp=0x0000000019f6f540)
0x0000000019f6f540:   00000000197fe800 00000000197fe800
0x0000000019f6f550:   0000000019f6f608 00000000559f2f0b
0x0000000019f6f560:   00000000197fe800 0000000055a0f76d
0x0000000019f6f570:   0000000000000000 00000000553f9155
0x0000000019f6f580:   0000000023e26788 000000005540291e
0x0000000019f6f590:   00000000197fe800 0000000000000000
0x0000000019f6f5a0:   0000000000000000 0000000000000000
0x0000000019f6f5b0:   69736956003b3124 0000000055401a15
0x0000000019f6f5c0:   0000000019f6f658 0000000019f6f630
0x0000000019f6f5d0:   0000000000000001 0000000023e26788
0x0000000019f6f5e0:   69736956003b3124 00000000553e53b3
0x0000000019f6f5f0:   0000000019f6f720 0000000000000001
0x0000000019f6f600:   0000000000000001 0000000023e26788
0x0000000019f6f610:   0000000000000002 0000000000000000
0x0000000019f6f620:   0000000000000000 0000000000000000
0x0000000019f6f630:   0000000000000001 00000000553e5571 

Instructions: (pc=0x00000000557ea0a5)
0x00000000557ea085:   cc cc cc cc cc cc cc cc cc cc cc 48 83 ec 28 48
0x00000000557ea095:   85 c9 75 07 33 c0 48 83 c4 28 c3 48 89 5c 24 20
0x00000000557ea0a5:   48 8b 19 48 85 db 74 20 48 83 fb 37 74 1a 48 8b
0x00000000557ea0b5:   13 48 8b cb ff 52 10 84 c0 74 0d 48 8b c3 48 8b 


Register to memory mapping:

RAX=0x0000000019f6f501 is pointing into the stack for thread: 0x00000000197fe800
RBX=0x00000000197fe800 is a thread
RCX=0x69736956003b3124 is an unknown value
RDX=0x0000000000000000 is an unknown value
RSP=0x0000000019f6f540 is pointing into the stack for thread: 0x00000000197fe800
RBP=0x69736956003b3124 is an unknown value
RSI=0x0000000019f6f658 is pointing into the stack for thread: 0x00000000197fe800
RDI=0x00000000026e88d0 is an unknown value
R8 =0x00000000197fe800 is a thread
R9 =0x0000000000008000 is an unknown value
R10=0x0000000000000000 is an unknown value
R11=0x00000000201a30ec is an unknown value
R12=0x0000000000000000 is an unknown value
R13=0x00000000197ff408 is an unknown value
R14=0x0000000000000000 is an unknown value
R15=0x0000000000000000 is an unknown value


Stack: [0x0000000019e70000,0x0000000019f70000],  sp=0x0000000019f6f540,  free space=1021k
Native frames: (J=compiled Java code, j=interpreted, Vv=VM code, C=native code)
V  [jvm.dll+0x12a0a5]
V  [jvm.dll+0x34f76d]
C  [jdwp.dll+0x21a15]
C  [jdwp.dll+0x53b3]
C  [jdwp.dll+0x5571]
C  [jdwp.dll+0xf0a8]
C  [jdwp.dll+0x1f2d5]
C  [jdwp.dll+0x1f4aa]
V  [jvm.dll+0x1bd258]
V  [jvm.dll+0x2451a4]
V  [jvm.dll+0x29c18a]
C  [msvcr100.dll+0x21d9f]
C  [msvcr100.dll+0x21e3b]
C  [KERNEL32.DLL+0x8364]
C  [ntdll.dll+0x670d1]


---------------  P R O C E S S  ---------------

Java Threads: ( => current thread )
  0x000000001d87c000 JavaThread "Abandoned connection cleanup thread" daemon [_thread_blocked, id=5956, stack(0x000000002cf20000,0x000000002d020000)]
  0x000000001d87e800 JavaThread "Java2D Disposer" daemon [_thread_blocked, id=13632, stack(0x000000002ce20000,0x000000002cf20000)]
  0x000000001d880000 JavaThread "Tomcat JDBC Pool Cleaner[414493378:1488180646651]" daemon [_thread_blocked, id=13620, stack(0x000000002cd20000,0x000000002ce20000)]
  0x000000001d883000 JavaThread "http-nio-8080-exec-10" daemon [_thread_blocked, id=2620, stack(0x000000002cc20000,0x000000002cd20000)]
  0x000000001d87d800 JavaThread "http-nio-8080-exec-9" daemon [_thread_blocked, id=10244, stack(0x000000002cb20000,0x000000002cc20000)]
  0x000000001d880800 JavaThread "http-nio-8080-exec-8" daemon [_thread_blocked, id=13684, stack(0x000000002ca20000,0x000000002cb20000)]
  0x000000001d87d000 JavaThread "http-nio-8080-exec-7" daemon [_thread_blocked, id=13768, stack(0x000000002c920000,0x000000002ca20000)]
  0x000000001d87b800 JavaThread "http-nio-8080-exec-6" daemon [_thread_blocked, id=13420, stack(0x000000002c820000,0x000000002c920000)]
  0x000000001d881800 JavaThread "http-nio-8080-exec-5" daemon [_thread_blocked, id=12032, stack(0x000000002c720000,0x000000002c820000)]
  0x000000001d882000 JavaThread "http-nio-8080-exec-4" daemon [_thread_blocked, id=14136, stack(0x000000002c620000,0x000000002c720000)]
  0x0000000029329800 JavaThread "http-nio-8080-exec-3" daemon [_thread_blocked, id=8084, stack(0x000000002c520000,0x000000002c620000)]
  0x0000000029328000 JavaThread "http-nio-8080-exec-2" daemon [_thread_blocked, id=10416, stack(0x000000002c420000,0x000000002c520000)]
  0x000000002932b800 JavaThread "http-nio-8080-exec-1" daemon [_thread_blocked, id=14932, stack(0x000000002c320000,0x000000002c420000)]
  0x000000002932a000 JavaThread "DestroyJavaVM" [_thread_blocked, id=10748, stack(0x00000000026f0000,0x00000000027f0000)]
  0x0000000029328800 JavaThread "http-nio-8080-AsyncTimeout" daemon [_thread_blocked, id=11316, stack(0x000000002c220000,0x000000002c320000)]
  0x0000000029326800 JavaThread "http-nio-8080-Acceptor-0" daemon [_thread_in_native, id=6184, stack(0x000000002c120000,0x000000002c220000)]
  0x000000002932d000 JavaThread "http-nio-8080-ClientPoller-1" daemon [_thread_in_native, id=13016, stack(0x000000002c020000,0x000000002c120000)]
  0x000000002932b000 JavaThread "http-nio-8080-ClientPoller-0" daemon [_thread_in_native, id=12388, stack(0x000000002bf20000,0x000000002c020000)]
  0x000000002932c800 JavaThread "NioBlockingSelector.BlockPoller-1" daemon [_thread_in_native, id=13856, stack(0x0000000028000000,0x0000000028100000)]
  0x0000000029327000 JavaThread "commons-pool-EvictionTimer" daemon [_thread_blocked, id=4380, stack(0x0000000027f00000,0x0000000028000000)]
  0x000000002014e800 JavaThread "container-0" [_thread_blocked, id=1944, stack(0x0000000027b00000,0x0000000027c00000)]
  0x000000001ea16000 JavaThread "ContainerBackgroundProcessor[StandardEngine[Tomcat]]" daemon [_thread_blocked, id=11144, stack(0x0000000027a00000,0x0000000027b00000)]
  0x00000000198b9000 JavaThread "Service Thread" daemon [_thread_blocked, id=13320, stack(0x000000001a570000,0x000000001a670000)]
  0x0000000019827800 JavaThread "C1 CompilerThread3" daemon [_thread_blocked, id=14076, stack(0x000000001a470000,0x000000001a570000)]
  0x0000000019826800 JavaThread "C2 CompilerThread2" daemon [_thread_blocked, id=13948, stack(0x000000001a370000,0x000000001a470000)]
  0x0000000019825000 JavaThread "C2 CompilerThread1" daemon [_thread_blocked, id=5124, stack(0x000000001a270000,0x000000001a370000)]
  0x000000001981d000 JavaThread "C2 CompilerThread0" daemon [_thread_blocked, id=14288, stack(0x000000001a170000,0x000000001a270000)]
  0x000000001980e000 JavaThread "JDWP Command Reader" daemon [_thread_in_native, id=15172, stack(0x000000001a070000,0x000000001a170000)]
  0x000000001980b000 JavaThread "JDWP Event Helper Thread" daemon [_thread_blocked, id=15212, stack(0x0000000019f70000,0x000000001a070000)]
=>0x00000000197fe800 JavaThread "JDWP Transport Listener: dt_socket" daemon [_thread_in_vm, id=2452, stack(0x0000000019e70000,0x0000000019f70000)]
  0x000000001789a000 JavaThread "Attach Listener" daemon [_thread_blocked, id=11988, stack(0x0000000019d60000,0x0000000019e60000)]
  0x00000000197f8800 JavaThread "Signal Dispatcher" daemon [_thread_blocked, id=14740, stack(0x0000000019c60000,0x0000000019d60000)]
  0x0000000019780800 JavaThread "Finalizer" daemon [_thread_blocked, id=5616, stack(0x0000000019b60000,0x0000000019c60000)]
  0x00000000028ed800 JavaThread "Reference Handler" daemon [_thread_blocked, id=14164, stack(0x0000000019660000,0x0000000019760000)]

Other Threads:
  0x0000000017888800 VMThread [stack: 0x0000000019560000,0x0000000019660000] [id=7868]
  0x0000000019936800 WatcherThread [stack: 0x000000001a670000,0x000000001a770000] [id=14664]

VM state:not at safepoint (normal execution)

VM Mutex/Monitor currently owned by a thread: None

Heap:
 PSYoungGen      total 318464K, used 117046K [0x00000000d5d80000, 0x00000000eb280000, 0x0000000100000000)
  eden space 296960K, 39% used [0x00000000d5d80000,0x00000000dcfcdb68,0x00000000e7f80000)
  from space 21504K, 0% used [0x00000000e9d80000,0x00000000e9d80000,0x00000000eb280000)
  to   space 24576K, 0% used [0x00000000e8280000,0x00000000e8280000,0x00000000e9a80000)
 ParOldGen       total 153088K, used 42552K [0x0000000081800000, 0x000000008ad80000, 0x00000000d5d80000)
  object space 153088K, 27% used [0x0000000081800000,0x000000008418e280,0x000000008ad80000)
 Metaspace       used 59655K, capacity 60616K, committed 61056K, reserved 1103872K
  class space    used 7317K, capacity 7525K, committed 7552K, reserved 1048576K

Card table byte_map: [0x0000000011cb0000,0x00000000120b0000] byte_map_base: 0x00000000118a4000

Marking Bits: (ParMarkBitMap*) 0x0000000055eda6d0
 Begin Bits: [0x0000000012b60000, 0x0000000014b00000)
 End Bits:   [0x0000000014b00000, 0x0000000016aa0000)

Polling page: 0x0000000002600000

CodeCache: size=245760Kb used=25176Kb max_used=25287Kb free=220583Kb
 bounds [0x00000000028f0000, 0x00000000041c0000, 0x00000000118f0000]
 total_blobs=7433 nmethods=6571 adapters=782
 compilation: enabled

Compilation events (10 events):
Event: 137.158 Thread 0x0000000019827800 8069       1       org.apache.coyote.AbstractProtocol::access$200 (5 bytes)
Event: 137.158 Thread 0x0000000019827800 nmethod 8069 0x0000000002afa490 code [0x0000000002afa5e0, 0x0000000002afa6d0]
Event: 141.240 Thread 0x0000000019827800 8070       3       sun.nio.ch.SelectorImpl::keys (28 bytes)
Event: 141.240 Thread 0x0000000019827800 nmethod 8070 0x0000000002b70dd0 code [0x0000000002b70f60, 0x0000000002b71418]
Event: 184.081 Thread 0x0000000019827800 8071       3       java.lang.Thread::setContextClassLoader (27 bytes)
Event: 184.081 Thread 0x0000000019827800 nmethod 8071 0x0000000002b98d90 code [0x0000000002b98f40, 0x0000000002b994d8]
Event: 236.212 Thread 0x0000000019827800 8073       3       java.util.Collections$SetFromMap::iterator (10 bytes)
Event: 236.212 Thread 0x0000000019827800 nmethod 8073 0x0000000002c8c450 code [0x0000000002c8c5c0, 0x0000000002c8c7e8]
Event: 274.081 Thread 0x0000000019827800 8074       1       org.apache.catalina.LifecycleEvent::getType (5 bytes)
Event: 274.082 Thread 0x0000000019827800 nmethod 8074 0x0000000002b98a50 code [0x0000000002b98ba0, 0x0000000002b98cb0]

GC Heap History (10 events):
Event: 5.632 GC heap before
{Heap before GC invocations=13 (full 2):
 PSYoungGen      total 218112K, used 203776K [0x00000000d5d80000, 0x00000000e4280000, 0x0000000100000000)
  eden space 203776K, 100% used [0x00000000d5d80000,0x00000000e2480000,0x00000000e2480000)
  from space 14336K, 0% used [0x00000000e3480000,0x00000000e3480000,0x00000000e4280000)
  to   space 15360K, 0% used [0x00000000e2480000,0x00000000e2480000,0x00000000e3380000)
 ParOldGen       total 103936K, used 24434K [0x0000000081800000, 0x0000000087d80000, 0x00000000d5d80000)
  object space 103936K, 23% used [0x0000000081800000,0x0000000082fdcaa8,0x0000000087d80000)
 Metaspace       used 38404K, capacity 38950K, committed 39296K, reserved 1083392K
  class space    used 4775K, capacity 4892K, committed 4992K, reserved 1048576K
Event: 5.644 GC heap after
Heap after GC invocations=13 (full 2):
 PSYoungGen      total 219136K, used 10131K [0x00000000d5d80000, 0x00000000e7280000, 0x0000000100000000)
  eden space 203776K, 0% used [0x00000000d5d80000,0x00000000d5d80000,0x00000000e2480000)
  from space 15360K, 65% used [0x00000000e2480000,0x00000000e2e64f50,0x00000000e3380000)
  to   space 15360K, 0% used [0x00000000e6380000,0x00000000e6380000,0x00000000e7280000)
 ParOldGen       total 103936K, used 24442K [0x0000000081800000, 0x0000000087d80000, 0x00000000d5d80000)
  object space 103936K, 23% used [0x0000000081800000,0x0000000082fdeaa8,0x0000000087d80000)
 Metaspace       used 38404K, capacity 38950K, committed 39296K, reserved 1083392K
  class space    used 4775K, capacity 4892K, committed 4992K, reserved 1048576K
}
Event: 6.850 GC heap before
{Heap before GC invocations=14 (full 2):
 PSYoungGen      total 219136K, used 213907K [0x00000000d5d80000, 0x00000000e7280000, 0x0000000100000000)
  eden space 203776K, 100% used [0x00000000d5d80000,0x00000000e2480000,0x00000000e2480000)
  from space 15360K, 65% used [0x00000000e2480000,0x00000000e2e64f50,0x00000000e3380000)
  to   space 15360K, 0% used [0x00000000e6380000,0x00000000e6380000,0x00000000e7280000)
 ParOldGen       total 103936K, used 24442K [0x0000000081800000, 0x0000000087d80000, 0x00000000d5d80000)
  object space 103936K, 23% used [0x0000000081800000,0x0000000082fdeaa8,0x0000000087d80000)
 Metaspace       used 41485K, capacity 42130K, committed 42240K, reserved 1085440K
  class space    used 5232K, capacity 5370K, committed 5376K, reserved 1048576K
Event: 6.864 GC heap after
Heap after GC invocations=14 (full 2):
 PSYoungGen      total 266752K, used 15348K [0x00000000d5d80000, 0x00000000e7400000, 0x0000000100000000)
  eden space 251392K, 0% used [0x00000000d5d80000,0x00000000d5d80000,0x00000000e5300000)
  from space 15360K, 99% used [0x00000000e6380000,0x00000000e727d048,0x00000000e7280000)
  to   space 16896K, 0% used [0x00000000e5300000,0x00000000e5300000,0x00000000e6380000)
 ParOldGen       total 103936K, used 24467K [0x0000000081800000, 0x0000000087d80000, 0x00000000d5d80000)
  object space 103936K, 23% used [0x0000000081800000,0x0000000082fe4e70,0x0000000087d80000)
 Metaspace       used 41485K, capacity 42130K, committed 42240K, reserved 1085440K
  class space    used 5232K, capacity 5370K, committed 5376K, reserved 1048576K
}
Event: 8.666 GC heap before
{Heap before GC invocations=15 (full 2):
 PSYoungGen      total 266752K, used 266740K [0x00000000d5d80000, 0x00000000e7400000, 0x0000000100000000)
  eden space 251392K, 100% used [0x00000000d5d80000,0x00000000e5300000,0x00000000e5300000)
  from space 15360K, 99% used [0x00000000e6380000,0x00000000e727d048,0x00000000e7280000)
  to   space 16896K, 0% used [0x00000000e5300000,0x00000000e5300000,0x00000000e6380000)
 ParOldGen       total 103936K, used 24467K [0x0000000081800000, 0x0000000087d80000, 0x00000000d5d80000)
  object space 103936K, 23% used [0x0000000081800000,0x0000000082fe4e70,0x0000000087d80000)
 Metaspace       used 46938K, capacity 47656K, committed 47744K, reserved 1091584K
  class space    used 5845K, capacity 5991K, committed 6016K, reserved 1048576K
Event: 8.681 GC heap after
Heap after GC invocations=15 (full 2):
 PSYoungGen      total 268288K, used 16872K [0x00000000d5d80000, 0x00000000eb280000, 0x0000000100000000)
  eden space 251392K, 0% used [0x00000000d5d80000,0x00000000d5d80000,0x00000000e5300000)
  from space 16896K, 99% used [0x00000000e5300000,0x00000000e637a120,0x00000000e6380000)
  to   space 21504K, 0% used [0x00000000e9d80000,0x00000000e9d80000,0x00000000eb280000)
 ParOldGen       total 103936K, used 31315K [0x0000000081800000, 0x0000000087d80000, 0x00000000d5d80000)
  object space 103936K, 30% used [0x0000000081800000,0x0000000083694f70,0x0000000087d80000)
 Metaspace       used 46938K, capacity 47656K, committed 47744K, reserved 1091584K
  class space    used 5845K, capacity 5991K, committed 6016K, reserved 1048576K
}
Event: 31.594 GC heap before
{Heap before GC invocations=16 (full 2):
 PSYoungGen      total 268288K, used 190587K [0x00000000d5d80000, 0x00000000eb280000, 0x0000000100000000)
  eden space 251392K, 69% used [0x00000000d5d80000,0x00000000e0724c38,0x00000000e5300000)
  from space 16896K, 99% used [0x00000000e5300000,0x00000000e637a120,0x00000000e6380000)
  to   space 21504K, 0% used [0x00000000e9d80000,0x00000000e9d80000,0x00000000eb280000)
 ParOldGen       total 103936K, used 31315K [0x0000000081800000, 0x0000000087d80000, 0x00000000d5d80000)
  object space 103936K, 30% used [0x0000000081800000,0x0000000083694f70,0x0000000087d80000)
 Metaspace       used 58036K, capacity 58862K, committed 59096K, reserved 1101824K
  class space    used 7102K, capacity 7265K, committed 7296K, reserved 1048576K
Event: 31.608 GC heap after
Heap after GC invocations=16 (full 2):
 PSYoungGen      total 318464K, used 21442K [0x00000000d5d80000, 0x00000000eb280000, 0x0000000100000000)
  eden space 296960K, 0% used [0x00000000d5d80000,0x00000000d5d80000,0x00000000e7f80000)
  from space 21504K, 99% used [0x00000000e9d80000,0x00000000eb270a40,0x00000000eb280000)
  to   space 24576K, 0% used [0x00000000e8280000,0x00000000e8280000,0x00000000e9a80000)
 ParOldGen       total 103936K, used 36215K [0x0000000081800000, 0x0000000087d80000, 0x00000000d5d80000)
  object space 103936K, 34% used [0x0000000081800000,0x0000000083b5dca0,0x0000000087d80000)
 Metaspace       used 58036K, capacity 58862K, committed 59096K, reserved 1101824K
  class space    used 7102K, capacity 7265K, committed 7296K, reserved 1048576K
}
Event: 31.608 GC heap before
{Heap before GC invocations=17 (full 3):
 PSYoungGen      total 318464K, used 21442K [0x00000000d5d80000, 0x00000000eb280000, 0x0000000100000000)
  eden space 296960K, 0% used [0x00000000d5d80000,0x00000000d5d80000,0x00000000e7f80000)
  from space 21504K, 99% used [0x00000000e9d80000,0x00000000eb270a40,0x00000000eb280000)
  to   space 24576K, 0% used [0x00000000e8280000,0x00000000e8280000,0x00000000e9a80000)
 ParOldGen       total 103936K, used 36215K [0x0000000081800000, 0x0000000087d80000, 0x00000000d5d80000)
  object space 103936K, 34% used [0x0000000081800000,0x0000000083b5dca0,0x0000000087d80000)
 Metaspace       used 58036K, capacity 58862K, committed 59096K, reserved 1101824K
  class space    used 7102K, capacity 7265K, committed 7296K, reserved 1048576K
Event: 31.765 GC heap after
Heap after GC invocations=17 (full 3):
 PSYoungGen      total 318464K, used 0K [0x00000000d5d80000, 0x00000000eb280000, 0x0000000100000000)
  eden space 296960K, 0% used [0x00000000d5d80000,0x00000000d5d80000,0x00000000e7f80000)
  from space 21504K, 0% used [0x00000000e9d80000,0x00000000e9d80000,0x00000000eb280000)
  to   space 24576K, 0% used [0x00000000e8280000,0x00000000e8280000,0x00000000e9a80000)
 ParOldGen       total 153088K, used 42552K [0x0000000081800000, 0x000000008ad80000, 0x00000000d5d80000)
  object space 153088K, 27% used [0x0000000081800000,0x000000008418e280,0x000000008ad80000)
 Metaspace       used 58034K, capacity 58856K, committed 59096K, reserved 1101824K
  class space    used 7101K, capacity 7264K, committed 7296K, reserved 1048576K
}

Deoptimization events (10 events):
Event: 63.214 Thread 0x000000001d87b800 Uncommon trap: reason=unhandled action=none pc=0x00000000038e4a3c method=java.lang.Class.getDeclaredMethod(Ljava/lang/String;[Ljava/lang/Class;)Ljava/lang/reflect/Method; @ 64
Event: 63.214 Thread 0x000000001d87b800 Uncommon trap: reason=unhandled action=none pc=0x00000000038e4a3c method=java.lang.Class.getDeclaredMethod(Ljava/lang/String;[Ljava/lang/Class;)Ljava/lang/reflect/Method; @ 64
Event: 63.214 Thread 0x000000001d87b800 Uncommon trap: reason=unhandled action=none pc=0x00000000038e4a3c method=java.lang.Class.getDeclaredMethod(Ljava/lang/String;[Ljava/lang/Class;)Ljava/lang/reflect/Method; @ 64
Event: 63.214 Thread 0x000000001d87b800 Uncommon trap: reason=unhandled action=none pc=0x00000000038e4a3c method=java.lang.Class.getDeclaredMethod(Ljava/lang/String;[Ljava/lang/Class;)Ljava/lang/reflect/Method; @ 64
Event: 63.215 Thread 0x000000001d87b800 Uncommon trap: reason=unhandled action=none pc=0x0000000003c372a4 method=java.net.URLClassLoader.findClass(Ljava/lang/String;)Ljava/lang/Class; @ 44
Event: 63.215 Thread 0x000000001d87b800 Uncommon trap: reason=unhandled action=none pc=0x0000000003c372a4 method=java.net.URLClassLoader.findClass(Ljava/lang/String;)Ljava/lang/Class; @ 44
Event: 63.216 Thread 0x000000001d87b800 Uncommon trap: reason=unhandled action=none pc=0x00000000038e4a3c method=java.lang.Class.getDeclaredMethod(Ljava/lang/String;[Ljava/lang/Class;)Ljava/lang/reflect/Method; @ 64
Event: 63.217 Thread 0x000000001d87b800 Uncommon trap: reason=unhandled action=none pc=0x0000000003c372a4 method=java.net.URLClassLoader.findClass(Ljava/lang/String;)Ljava/lang/Class; @ 44
Event: 63.218 Thread 0x000000001d87b800 Uncommon trap: reason=unhandled action=none pc=0x0000000003c372a4 method=java.net.URLClassLoader.findClass(Ljava/lang/String;)Ljava/lang/Class; @ 44
Event: 63.219 Thread 0x000000001d87b800 Uncommon trap: reason=unhandled action=none pc=0x0000000003c372a4 method=java.net.URLClassLoader.findClass(Ljava/lang/String;)Ljava/lang/Class; @ 44

Internal exceptions (10 events):
Event: 32.015 Thread 0x000000001d87d000 Exception <a 'java/security/PrivilegedActionException'> (0x00000000d7fda6f0) thrown at [C:\re\workspace\8-2-build-windows-amd64-cygwin\jdk8u101\7261\hotspot\src\share\vm\prims\jvm.cpp, line 1386]
Event: 32.189 Thread 0x000000001d87d000 Exception <a 'java/lang/ArrayIndexOutOfBoundsException': 63> (0x00000000dbc9b220) thrown at [C:\re\workspace\8-2-build-windows-amd64-cygwin\jdk8u101\7261\hotspot\src\share\vm\interpreter\interpreterRuntime.cpp, line 366]
Event: 32.256 Thread 0x000000001d882000 Exception <a 'java/io/FileNotFoundException'> (0x00000000dc525500) thrown at [C:\re\workspace\8-2-build-windows-amd64-cygwin\jdk8u101\7261\hotspot\src\share\vm\prims\jni.cpp, line 709]
Event: 32.256 Thread 0x000000001d882000 Exception <a 'java/io/FileNotFoundException'> (0x00000000dc526320) thrown at [C:\re\workspace\8-2-build-windows-amd64-cygwin\jdk8u101\7261\hotspot\src\share\vm\prims\jni.cpp, line 709]
Event: 32.262 Thread 0x000000001d882000 Exception <a 'java/io/FileNotFoundException'> (0x00000000dc59f400) thrown at [C:\re\workspace\8-2-build-windows-amd64-cygwin\jdk8u101\7261\hotspot\src\share\vm\prims\jni.cpp, line 709]
Event: 32.262 Thread 0x000000001d882000 Exception <a 'java/io/FileNotFoundException'> (0x00000000dc5a0178) thrown at [C:\re\workspace\8-2-build-windows-amd64-cygwin\jdk8u101\7261\hotspot\src\share\vm\prims\jni.cpp, line 709]
Event: 32.292 Thread 0x000000001d87d800 Exception <a 'java/lang/ArrayIndexOutOfBoundsException': 63> (0x00000000dc6373a0) thrown at [C:\re\workspace\8-2-build-windows-amd64-cygwin\jdk8u101\7261\hotspot\src\share\vm\interpreter\interpreterRuntime.cpp, line 366]
Event: 53.405 Thread 0x000000001d880800 Exception <a 'java/lang/ArrayIndexOutOfBoundsException': 82> (0x00000000dca2cc30) thrown at [C:\re\workspace\8-2-build-windows-amd64-cygwin\jdk8u101\7261\hotspot\src\share\vm\interpreter\interpreterRuntime.cpp, line 366]
Event: 63.199 Thread 0x000000001d87b800 Exception <a 'java/lang/reflect/InvocationTargetException'> (0x00000000dbf059f8) thrown at [C:\re\workspace\8-2-build-windows-amd64-cygwin\jdk8u101\7261\hotspot\src\share\vm\runtime\reflection.cpp, line 1092]
Event: 102.314 Thread 0x0000000029329800 Exception <a 'java/lang/reflect/InvocationTargetException'> (0x00000000dbff1e88) thrown at [C:\re\workspace\8-2-build-windows-amd64-cygwin\jdk8u101\7261\hotspot\src\share\vm\runtime\reflection.cpp, line 1092]

Events (10 events):
Event: 184.081 Thread 0x0000000019827800 flushing nmethod 0x0000000002e1dd50
Event: 236.212 Thread 0x0000000019827800 flushing nmethod 0x0000000002f63f50
Event: 236.212 Thread 0x0000000019827800 flushing nmethod 0x0000000002f96350
Event: 236.212 Thread 0x0000000019827800 flushing nmethod 0x0000000002fa82d0
Event: 236.212 Thread 0x0000000019827800 flushing nmethod 0x0000000002fbd310
Event: 236.212 Thread 0x0000000019827800 flushing nmethod 0x0000000002fcdc10
Event: 236.212 Thread 0x0000000019827800 flushing nmethod 0x0000000002fd0b50
Event: 274.082 Thread 0x0000000019827800 flushing nmethod 0x00000000030a0e10
Event: 289.427 Executing VM operation: RedefineClasses
Event: 289.462 Executing VM operation: RedefineClasses done


Dynamic libraries:
0x00007ff7b7f00000 - 0x00007ff7b7f37000 	C:\Program Files\Java\jdk1.8.0_101\bin\javaw.exe
0x00007ffed0980000 - 0x00007ffed0b51000 	C:\WINDOWS\SYSTEM32\ntdll.dll
0x00007ffecdff0000 - 0x00007ffece09b000 	C:\WINDOWS\System32\KERNEL32.DLL
0x00007ffecd080000 - 0x00007ffecd29d000 	C:\WINDOWS\System32\KERNELBASE.dll
0x00007ffed0770000 - 0x00007ffed0812000 	C:\WINDOWS\System32\ADVAPI32.dll
0x00007ffed06d0000 - 0x00007ffed076e000 	C:\WINDOWS\System32\msvcrt.dll
0x00007ffece940000 - 0x00007ffece999000 	C:\WINDOWS\System32\sechost.dll
0x00007ffece3e0000 - 0x00007ffece501000 	C:\WINDOWS\System32\RPCRT4.dll
0x00007ffecf010000 - 0x00007ffecf175000 	C:\WINDOWS\System32\USER32.dll
0x00007ffecdaf0000 - 0x00007ffecdb0e000 	C:\WINDOWS\System32\win32u.dll
0x00007ffecf180000 - 0x00007ffecf1b4000 	C:\WINDOWS\System32\GDI32.dll
0x00007ffecdd80000 - 0x00007ffecdf02000 	C:\WINDOWS\System32\gdi32full.dll
0x00007ffec3e70000 - 0x00007ffec40e9000 	C:\WINDOWS\WinSxS\amd64_microsoft.windows.common-controls_6595b64144ccf1df_6.0.14393.447_none_42191651c6827bb3\COMCTL32.dll
0x00007ffeced40000 - 0x00007ffecf008000 	C:\WINDOWS\System32\combase.dll
0x00007ffecce70000 - 0x00007ffeccf65000 	C:\WINDOWS\System32\ucrtbase.dll
0x00007ffecda80000 - 0x00007ffecdaea000 	C:\WINDOWS\System32\bcryptPrimitives.dll
0x00007ffece140000 - 0x00007ffece16e000 	C:\WINDOWS\System32\IMM32.DLL
0x0000000055420000 - 0x00000000554f2000 	C:\Program Files\Java\jdk1.8.0_101\jre\bin\msvcr100.dll
0x00000000556c0000 - 0x0000000055f5a000 	C:\Program Files\Java\jdk1.8.0_101\jre\bin\server\jvm.dll
0x00007ffece170000 - 0x00007ffece178000 	C:\WINDOWS\System32\PSAPI.DLL
0x00007ffebf7f0000 - 0x00007ffebf7f9000 	C:\WINDOWS\SYSTEM32\WSOCK32.dll
0x00007ffecafa0000 - 0x00007ffecafc3000 	C:\WINDOWS\SYSTEM32\WINMM.dll
0x00007ffec8ce0000 - 0x00007ffec8cea000 	C:\WINDOWS\SYSTEM32\VERSION.dll
0x00007ffececd0000 - 0x00007ffeced3a000 	C:\WINDOWS\System32\WS2_32.dll
0x0000000000a60000 - 0x0000000000a8b000 	C:\WINDOWS\SYSTEM32\WINMMBASE.dll
0x00007ffecd2a0000 - 0x00007ffecd2e2000 	C:\WINDOWS\System32\cfgmgr32.dll
0x00000000556b0000 - 0x00000000556bf000 	C:\Program Files\Java\jdk1.8.0_101\jre\bin\verify.dll
0x0000000055680000 - 0x00000000556a9000 	C:\Program Files\Java\jdk1.8.0_101\jre\bin\java.dll
0x00000000553e0000 - 0x0000000055415000 	C:\Program Files\Java\jdk1.8.0_101\jre\bin\jdwp.dll
0x0000000055560000 - 0x0000000055568000 	C:\Program Files\Java\jdk1.8.0_101\jre\bin\npt.dll
0x0000000055660000 - 0x0000000055676000 	C:\Program Files\Java\jdk1.8.0_101\jre\bin\zip.dll
0x00007ffecf1c0000 - 0x00007ffed06c9000 	C:\WINDOWS\System32\SHELL32.dll
0x00007ffecd3a0000 - 0x00007ffecda7a000 	C:\WINDOWS\System32\windows.storage.dll
0x00007ffecce10000 - 0x00007ffecce5c000 	C:\WINDOWS\System32\powrprof.dll
0x00007ffece1e0000 - 0x00007ffece232000 	C:\WINDOWS\System32\shlwapi.dll
0x00007ffeccde0000 - 0x00007ffeccdef000 	C:\WINDOWS\System32\kernel.appcore.dll
0x00007ffecd2f0000 - 0x00007ffecd399000 	C:\WINDOWS\System32\shcore.dll
0x00007ffeccdf0000 - 0x00007ffecce04000 	C:\WINDOWS\System32\profapi.dll
0x00000000553d0000 - 0x00000000553d9000 	C:\Program Files\Java\jdk1.8.0_101\jre\bin\dt_socket.dll
0x00007ffec1320000 - 0x00007ffec1336000 	C:\WINDOWS\system32\napinsp.dll
0x00007ffec03a0000 - 0x00007ffec03ba000 	C:\WINDOWS\system32\pnrpnsp.dll
0x00007ffec5dc0000 - 0x00007ffec5dd8000 	C:\WINDOWS\system32\NLAapi.dll
0x00007ffecc6b0000 - 0x00007ffecc70c000 	C:\WINDOWS\System32\mswsock.dll
0x00007ffecc480000 - 0x00007ffecc520000 	C:\WINDOWS\SYSTEM32\DNSAPI.dll
0x00007ffecdf10000 - 0x00007ffecdf18000 	C:\WINDOWS\System32\NSI.dll
0x00007ffecc440000 - 0x00007ffecc478000 	C:\WINDOWS\SYSTEM32\IPHLPAPI.DLL
0x00007ffec12f0000 - 0x00007ffec12fe000 	C:\WINDOWS\System32\winrnr.dll
0x00007ffec55e0000 - 0x00007ffec564a000 	C:\WINDOWS\System32\fwpuclnt.dll
0x00007ffeccd20000 - 0x00007ffeccd4b000 	C:\WINDOWS\SYSTEM32\bcrypt.dll
0x00007ffec43b0000 - 0x00007ffec43ba000 	C:\Windows\System32\rasadhlp.dll
0x00000000553c0000 - 0x00000000553cd000 	C:\Program Files\Java\jdk1.8.0_101\jre\bin\management.dll
0x0000000055640000 - 0x000000005565a000 	C:\Program Files\Java\jdk1.8.0_101\jre\bin\net.dll
0x0000000055620000 - 0x0000000055631000 	C:\Program Files\Java\jdk1.8.0_101\jre\bin\nio.dll
0x00007ffecc850000 - 0x00007ffecc867000 	C:\WINDOWS\SYSTEM32\CRYPTSP.dll
0x00007ffecc2c0000 - 0x00007ffecc2f3000 	C:\WINDOWS\system32\rsaenh.dll
0x00007ffecc530000 - 0x00007ffecc54f000 	C:\WINDOWS\SYSTEM32\USERENV.dll
0x00007ffecc870000 - 0x00007ffecc87b000 	C:\WINDOWS\SYSTEM32\CRYPTBASE.dll
0x00007ffec8b00000 - 0x00007ffec8b16000 	C:\WINDOWS\SYSTEM32\dhcpcsvc6.DLL
0x00007ffec7e70000 - 0x00007ffec7e8a000 	C:\WINDOWS\SYSTEM32\dhcpcsvc.DLL
0x0000000055220000 - 0x00000000553b8000 	C:\Program Files\Java\jdk1.8.0_101\jre\bin\awt.dll
0x00007ffecdf30000 - 0x00007ffecdfef000 	C:\WINDOWS\System32\OLEAUT32.dll
0x00007ffecdb10000 - 0x00007ffecdbac000 	C:\WINDOWS\System32\msvcp_win.dll
0x00007ffecb190000 - 0x00007ffecb20a000 	C:\WINDOWS\SYSTEM32\apphelp.dll
0x00007ffeca970000 - 0x00007ffeca996000 	C:\WINDOWS\system32\DWMAPI.DLL
0x00007ffecb570000 - 0x00007ffecb605000 	C:\WINDOWS\system32\uxtheme.dll
0x00000000551d0000 - 0x0000000055217000 	C:\Program Files\Java\jdk1.8.0_101\jre\bin\fontmanager.dll
0x0000000055180000 - 0x00000000551c2000 	C:\Program Files\Java\jdk1.8.0_101\jre\bin\t2k.dll
0x00000000555f0000 - 0x0000000055614000 	C:\Program Files\Java\jdk1.8.0_101\jre\bin\sunec.dll
0x0000000055170000 - 0x000000005517b000 	C:\Program Files\Java\jdk1.8.0_101\jre\bin\sunmscapi.dll
0x00007ffecdbb0000 - 0x00007ffecdd79000 	C:\WINDOWS\System32\CRYPT32.dll
0x00007ffecce60000 - 0x00007ffecce70000 	C:\WINDOWS\System32\MSASN1.dll
0x00007ffec5a10000 - 0x00007ffec5ba2000 	C:\WINDOWS\SYSTEM32\dbghelp.dll

VM Arguments:
jvm_args: -agentlib:jdwp=transport=dt_socket,suspend=y,address=localhost:31675 -Dfile.encoding=UTF-8 
java_command: com.ssm.Application
java_class_path (initial): E:\jeefile\springboot-mybatis-master\target\classes;F:\Maven-Repository\org\springframework\boot\spring-boot-starter-tomcat\1.4.1.RELEASE\spring-boot-starter-tomcat-1.4.1.RELEASE.jar;F:\Maven-Repository\org\apache\tomcat\embed\tomcat-embed-core\8.5.5\tomcat-embed-core-8.5.5.jar;F:\Maven-Repository\org\apache\tomcat\embed\tomcat-embed-el\8.5.5\tomcat-embed-el-8.5.5.jar;F:\Maven-Repository\org\apache\tomcat\embed\tomcat-embed-websocket\8.5.5\tomcat-embed-websocket-8.5.5.jar;F:\Maven-Repository\org\springframework\boot\spring-boot-starter-test\1.4.1.RELEASE\spring-boot-starter-test-1.4.1.RELEASE.jar;F:\Maven-Repository\org\springframework\boot\spring-boot-test\1.4.1.RELEASE\spring-boot-test-1.4.1.RELEASE.jar;F:\Maven-Repository\org\springframework\boot\spring-boot\1.4.1.RELEASE\spring-boot-1.4.1.RELEASE.jar;F:\Maven-Repository\org\springframework\boot\spring-boot-test-autoconfigure\1.4.1.RELEASE\spring-boot-test-autoconfigure-1.4.1.RELEASE.jar;F:\Maven-Repository\org\springframework\boot\spring-boot-autoconfigure\1.4.1.RELEASE\spring-boot-autoconfigure-1.4.1.RELEASE.jar;F:\Maven-Repository\com\jayway\jsonpath\json-path\2.2.0\json-path-2.2.0.jar;F:\Maven-Repository\net\minidev\json-smart\2.2.1\json-smart-2.2.1.jar;F:\Maven-Repository\net\minidev\accessors-smart\1.1\accessors-smart-1.1.jar;F:\Maven-Repository\org\ow2\asm\asm\5.0.3\asm-5.0.3.jar;F:\Maven-Repository\junit\junit\4.12\junit-4.12.jar;F:\Maven-Repository\org\assertj\assertj-core\2.5.0\assertj-core-2.5.0.jar;F:\Maven-Repository\org\mockito\mockito-core\1.10.19\mockito-core-1.10.19.jar;F:\Maven-Repository\org\objenesis\objenesis\2.1\objenesis-2.1.jar;F:\Maven-Repository\org\hamcrest\hamcrest-core\1.3\hamcrest-core-1.3.jar;F:\Maven-Repository\org\hamcrest\hamcrest-library\1.3\hamcrest-library-1.3.jar;F:\Maven-Repository\org\skyscreamer\jsonassert\1.3.0\jsonassert-1.3.0.jar;F:\Maven-Repository\org\json\json\20140107\json-20140107.jar;F:\Maven-Repository\org\springframework\spring-core\
Launcher Type: SUN_STANDARD

Environment Variables:
JAVA_HOME=C:\Program Files\Java\jdk1.8.0_101
CLASSPATH=.;C:\Program Files\Java\jdk1.8.0_101\lib;C:\Program Files\Java\jdk1.8.0_101\lib\tools.jar
PATH=C:/Program Files/Java/jdk1.8.0_101/bin/../jre/bin/server;C:/Program Files/Java/jdk1.8.0_101/bin/../jre/bin;C:/Program Files/Java/jdk1.8.0_101/bin/../jre/lib/amd64;C:\Program Files\Java\jdk1.8.0_101\bin;C:\Program Files\Java\jdk1.8.0_101\jre\bin;%CATALINA_HOME%\bin;%CATALINA_HOME%\lib;C:\ProgramData\Oracle\Java\javapath;C:\WINDOWS\system32;C:\WINDOWS;C:\WINDOWS\System32\Wbem;C:\WINDOWS\System32\WindowsPowerShell\v1.0\;C:\Program Files (x86)\AMD\ATI.ACE\Core-Static;C:\Program Files\MySQL\MySQL Server 5.7\bin;F:\apache-maven-3.3.9\bin;F:\node\;C:\WINDOWS\system32\config\systemprofile\.dnx\bin;C:\Program Files\Microsoft DNX\Dnvm\;C:\Program Files\Microsoft SQL Server\120\Tools\Binn\;C:\Program Files\Microsoft SQL Server\130\Tools\Binn\;C:\Program Files (x86)\ATI Technologies\ATI.ACE\Core-Static;F:\Git\cmd;F:\Redis\;C:\Users\Cchua\AppData\Roaming\npm;%USERPROFILE%\AppData\Local\Microsoft\WindowsApps;;G:\我的文档\桌面;
USERNAME=Cchua
OS=Windows_NT
PROCESSOR_IDENTIFIER=Intel64 Family 6 Model 94 Stepping 3, GenuineIntel



---------------  S Y S T E M  ---------------

OS: Windows 10.0 , 64 bit Build 14393 (10.0.14393.0)

CPU:total 8 (4 cores per cpu, 2 threads per core) family 6 model 94 stepping 3, cmov, cx8, fxsr, mmx, sse, sse2, sse3, ssse3, sse4.1, sse4.2, popcnt, avx, avx2, aes, clmul, erms, rtm, 3dnowpref, lzcnt, ht, tsc, tscinvbit, bmi1, bmi2, adx

Memory: 4k page, physical 8282716k(1318720k free), swap 23487068k(12966900k free)

vm_info: Java HotSpot(TM) 64-Bit Server VM (25.101-b13) for windows-amd64 JRE (1.8.0_101-b13), built on Jun 22 2016 01:21:29 by "java_re" with MS VC++ 10.0 (VS2010)

time: Mon Feb 27 15:35:10 2017
elapsed time: 289 seconds (0d 0h 4m 49s)

